[2025-05-15 15:22:14] Error accediendo a: https://openlibrary.org/authors/OL335424A.json
[2025-05-15 15:24:38] Error accediendo a: https://openlibrary.org/authors/OL335424A.json
[2025-05-15 15:25:05] Error accediendo a: https://openlibrary.org/subjects/horror.json?limit=12&offset=33
[2025-05-15 15:26:10] Error accediendo a: https://openlibrary.org/subjects/fantasy.json?limit=12&offset=74
[2025-05-15 15:27:45] Error accediendo a: https://openlibrary.org/subjects/thriller.json?limit=12&offset=28
[2025-05-15 15:28:48] Error accediendo a: https://openlibrary.org/subjects/fantasy.json?limit=12&offset=79
[2025-05-20 14:25:04] Error accediendo a: https://openlibrary.org/subjects/biography.json?limit=12&offset=46
[2025-05-20 14:25:30] Error accediendo a: https://openlibrary.org/subjects/fantasy.json?limit=12&offset=2
[2025-05-20 14:28:16] Error accediendo a: https://openlibrary.org/subjects/adventure.json?limit=12&offset=60
[2025-05-20 14:28:41] Error accediendo a: https://openlibrary.org/subjects/biography.json?limit=12&offset=79
[2025-05-20 14:44:42] Error accediendo a: https://openlibrary.org/subjects/horror.json?limit=12&offset=91
[2025-05-20 14:45:16] Error accediendo a: https://openlibrary.org/subjects/adventure.json?limit=12&offset=47
[2025-05-20 14:45:47] Error accediendo a: https://openlibrary.org/subjects/science_fiction.json?limit=12&offset=82
[2025-05-20 14:46:16] Error accediendo a: https://openlibrary.org/subjects/history.json?limit=12&offset=96
[2025-05-20 14:46:41] Error accediendo a: https://openlibrary.org/subjects/biography.json?limit=12&offset=27
[2025-05-20 14:47:08] Error accediendo a: https://openlibrary.org/subjects/adventure.json?limit=12&offset=73
[2025-05-20 14:47:32] Error accediendo a: https://openlibrary.org/subjects/mystery.json?limit=12&offset=78
[2025-05-20 14:47:58] Error accediendo a: https://openlibrary.org/subjects/adventure.json?limit=12&offset=20
[2025-05-20 14:48:39] Error accediendo a: https://openlibrary.org/subjects/biography.json?limit=12&offset=22
[2025-05-20 14:49:42] Error accediendo a: https://openlibrary.org/subjects/children.json?limit=12&offset=83
[2025-05-20 14:50:44] Error accediendo a: https://openlibrary.org/subjects/biography.json?limit=12&offset=33
[2025-05-20 14:51:07] Error accediendo a: https://openlibrary.org/subjects/science_fiction.json?limit=12&offset=37
[2025-05-20 14:51:38] Error accediendo a: https://openlibrary.org/subjects/romance.json?limit=12&offset=3
[2025-05-20 14:52:03] Error accediendo a: https://openlibrary.org/subjects/thriller.json?limit=12&offset=53
[2025-05-20 14:56:07] Error accediendo a: https://openlibrary.org/subjects/biography.json?limit=12&offset=95
[2025-05-20 14:56:30] Error accediendo a: https://openlibrary.org/subjects/science_fiction.json?limit=12&offset=25
[2025-05-20 14:58:53] Error accediendo a: https://openlibrary.org/works/OL38700W.json
[2025-05-20 14:59:13] Error accediendo a: https://openlibrary.org/works/OL274505W.json
[2025-05-20 15:02:07] Error accediendo a: https://openlibrary.org/authors/OL27363A.json
[2025-05-20 15:02:31] Error accediendo a: https://openlibrary.org/authors/OL27363A.json
[2025-05-20 15:02:55] Error accediendo a: https://openlibrary.org/authors/OL27363A.json
[2025-05-20 15:04:29] Error accediendo a: https://openlibrary.org/authors/OL27363A.json
[2025-05-20 15:04:52] Error accediendo a: https://openlibrary.org/authors/OL27363A.json
[2025-05-20 15:11:32] Error accediendo a: https://openlibrary.org/authors/OL27363A.json
[2025-05-20 15:11:59] Error accediendo a: https://openlibrary.org/subjects/science_fiction.json?limit=12&offset=75
[2025-05-20 15:13:31] Error accediendo a: https://openlibrary.org/subjects/romance.json?limit=12&offset=97
[2025-05-20 15:15:30] Error accediendo a: https://openlibrary.org/subjects/biography.json?limit=12&offset=64
[2025-05-20 15:16:46] Error accediendo a: https://openlibrary.org/subjects/history.json?limit=12&offset=55
[2025-05-20 15:17:09] Error accediendo a: https://openlibrary.org/subjects/thriller.json?limit=12&offset=56
[2025-05-20 15:17:54] Error accediendo a: https://openlibrary.org/subjects/science_fiction.json?limit=12&offset=92
[2025-05-20 15:18:16] Error accediendo a: https://openlibrary.org/subjects/science_fiction.json?limit=12&offset=12
[2025-05-20 15:20:11] Error accediendo a: https://openlibrary.org/subjects/mystery.json?limit=12&offset=30
